<?xml version="1.0" encoding="UTF-8"?>
<!-- Generated by org.testng.reporters.JUnitReportReporter -->
<testsuite hostname="DESKTOP-3RHQS1L" failures="0" tests="2" name="Employee.addEmployee_All" time="13.742" errors="0" timestamp="2024-08-19T13:51:13 IST" skipped="0">
  <testcase classname="Employee.addEmployee_All" name="fronEndValidation" time="11.303"/>
  <testcase classname="Employee.addEmployee_All" name="addEmployee" time="2.439"/>
</testsuite> <!-- Employee.addEmployee_All -->
