<?xml version="1.0" encoding="UTF-8"?>
<!-- Generated by org.testng.reporters.JUnitReportReporter -->
<testsuite hostname="DESKTOP-3RHQS1L" failures="0" tests="1" name="generic_FileUtility.ExcelUtility" time="0.015" errors="0" timestamp="2024-08-16T17:01:18 IST" skipped="0">
  <testcase classname="generic_FileUtility.ExcelUtility" name="getDataFromExcel" time="0.015"/>
</testsuite> <!-- generic_FileUtility.ExcelUtility -->
