<?xml version="1.0" encoding="UTF-8"?>
<!-- Generated by org.testng.reporters.JUnitReportReporter -->
<testsuite hostname="DESKTOP-3RHQS1L" failures="0" tests="4" name="Employee.addEmployeeTest" time="12.771" errors="0" timestamp="2024-08-20T07:18:15 IST" skipped="0">
  <testcase classname="Employee.addEmployeeTest" name="addEmployee" time="1.894"/>
  <testcase classname="Employee.addEmployeeTest" name="fronEndValidation" time="10.710"/>
  <testcase classname="Employee.addEmployeeTest" name="addEmployeWithDuplicateName" time="0.114"/>
  <testcase classname="Employee.addEmployeeTest" name="addEmployeWithOutName" time="0.053"/>
</testsuite> <!-- Employee.addEmployeeTest -->
