<?xml version="1.0" encoding="UTF-8"?>
<!-- Generated by org.testng.reporters.JUnitReportReporter -->
<testsuite hostname="DESKTOP-3RHQS1L" failures="0" tests="1" name="Demo.dummyScript" time="0.050" errors="0" timestamp="2024-08-17T15:33:29 IST" skipped="0">
  <testcase classname="Demo.dummyScript" name="method1" time="0.050"/>
</testsuite> <!-- Demo.dummyScript -->
