<?xml version="1.0" encoding="UTF-8"?>
<!-- Generated by org.testng.reporters.JUnitReportReporter -->
<testsuite hostname="DESKTOP-3RHQS1L" failures="0" tests="1" name="Demo.LaunchBrowserTest" time="10.035" errors="0" timestamp="2024-08-24T16:09:31 IST" skipped="0">
  <testcase classname="Demo.LaunchBrowserTest" name="demoTest" time="10.035"/>
</testsuite> <!-- Demo.LaunchBrowserTest -->
