<?xml version="1.0" encoding="UTF-8"?>
<!-- Generated by org.testng.reporters.JUnitReportReporter -->
<testsuite hostname="DESKTOP-3RHQS1L" failures="0" tests="1" name="Demo.chuma" time="3.622" errors="0" timestamp="2024-08-24T10:51:53 IST" skipped="0">
  <testcase classname="Demo.chuma" name="trial" time="3.622"/>
</testsuite> <!-- Demo.chuma -->
