<?xml version="1.0" encoding="UTF-8"?>
<!-- Generated by org.testng.reporters.JUnitReportReporter -->
<testsuite hostname="DESKTOP-3RHQS1L" failures="0" tests="1" name="Demo.LaunchBrowserTest" time="11.931" errors="0" timestamp="2024-08-26T10:25:28 IST" skipped="0">
  <testcase classname="Demo.LaunchBrowserTest" name="demoTest" time="11.931"/>
  <system-out/>
</testsuite> <!-- Demo.LaunchBrowserTest -->
