<?xml version="1.0" encoding="UTF-8"?>
<!-- Generated by org.testng.reporters.JUnitReportReporter -->
<testsuite hostname="DESKTOP-3RHQS1L" failures="0" tests="1" name="Demo.LaunchBrowserTest" time="10.938" errors="0" timestamp="2024-08-25T08:42:12 IST" skipped="0">
  <testcase classname="Demo.LaunchBrowserTest" name="demoTest" time="10.938"/>
  <system-out/>
</testsuite> <!-- Demo.LaunchBrowserTest -->
