<?xml version="1.0" encoding="UTF-8"?>
<!-- Generated by org.testng.reporters.JUnitReportReporter -->
<testsuite hostname="DESKTOP-3RHQS1L" failures="0" tests="4" name="Employee.addEmployeeTest" time="14.905" errors="0" timestamp="2024-08-25T08:42:12 IST" skipped="0">
  <testcase classname="Employee.addEmployeeTest" name="addEmployee" time="3.161"/>
  <system-out/>
  <testcase classname="Employee.addEmployeeTest" name="databaseValidation" time="0.000"/>
  <system-out/>
  <testcase classname="Employee.addEmployeeTest" name="fronEndValidation" time="11.282"/>
  <system-out/>
  <testcase classname="Employee.addEmployeeTest" name="addEmployeWithDuplicateName" time="0.462"/>
  <system-out/>
</testsuite> <!-- Employee.addEmployeeTest -->
